C:\Program Files (x86)\MSBuild\Microsoft.Cpp\v4.0\V140\Microsoft.CppBuild.targets(392,5): warning MSB8028: The intermediate directory (Debug\) contains files shared from another project (RRMM.vcxproj).  This can lead to incorrect clean and rebuild behavior.
  shaderLoader.cpp
  plyloader.cpp
c:\users\albin\documents\github\fast-realistic-rendering\rrmm\rrmm\plyloader.cpp(98): warning C4101: 'position': unreferenced local variable
c:\users\albin\documents\github\fast-realistic-rendering\rrmm\rrmm\plyloader.cpp(97): warning C4101: 'nvertices': unreferenced local variable
c:\users\albin\documents\github\fast-realistic-rendering\rrmm\rrmm\plyloader.cpp(399): warning C4244: '=': conversion from 'float' to 'unsigned char', possible loss of data
c:\users\albin\documents\github\fast-realistic-rendering\rrmm\rrmm\plyloader.cpp(400): warning C4244: '=': conversion from 'float' to 'unsigned char', possible loss of data
c:\users\albin\documents\github\fast-realistic-rendering\rrmm\rrmm\plyloader.cpp(401): warning C4244: '=': conversion from 'float' to 'unsigned char', possible loss of data
  PLYDrawer.cpp
c:\users\albin\documents\github\fast-realistic-rendering\rrmm\rrmm\plydrawer.cpp(13): warning C4018: '<': signed/unsigned mismatch
c:\users\albin\documents\github\fast-realistic-rendering\rrmm\rrmm\plydrawer.cpp(107): warning C4018: '<': signed/unsigned mismatch
c:\users\albin\documents\github\fast-realistic-rendering\rrmm\rrmm\plydrawer.cpp(123): warning C4018: '<': signed/unsigned mismatch
  main.cpp
c:\users\albin\documents\github\fast-realistic-rendering\rrmm\rrmm\main.cpp(231): warning C4244: 'argument': conversion from 'double' to 'float', possible loss of data
  CubeMap.cpp
  Generating Code...
  SOIL.lib(SOIL.obj) : MSIL .netmodule or module compiled with /GL found; restarting link with /LTCG; add /LTCG to the link command line to improve linker performance
LINK : warning LNK4075: ignoring '/INCREMENTAL' due to '/LTCG' specification
CubeMap.obj : warning LNK4075: ignoring '/EDITANDCONTINUE' due to '/OPT:LBR' specification
LINK : warning LNK4098: defaultlib 'LIBCMT' conflicts with use of other libs; use /NODEFAULTLIB:library
LINK : warning LNK4098: defaultlib 'MSVCRT' conflicts with use of other libs; use /NODEFAULTLIB:library
  Generating code
  Finished generating code
shaderLoader.obj : warning LNK4049: locally defined symbol ___glewAttachShader imported
shaderLoader.obj : warning LNK4049: locally defined symbol ___glewCompileShader imported
shaderLoader.obj : warning LNK4049: locally defined symbol ___glewCreateProgram imported
shaderLoader.obj : warning LNK4049: locally defined symbol ___glewCreateShader imported
shaderLoader.obj : warning LNK4049: locally defined symbol ___glewDeleteShader imported
shaderLoader.obj : warning LNK4049: locally defined symbol ___glewDetachShader imported
shaderLoader.obj : warning LNK4049: locally defined symbol ___glewGetProgramInfoLog imported
shaderLoader.obj : warning LNK4049: locally defined symbol ___glewGetProgramiv imported
shaderLoader.obj : warning LNK4049: locally defined symbol ___glewGetShaderInfoLog imported
shaderLoader.obj : warning LNK4049: locally defined symbol ___glewGetShaderiv imported
shaderLoader.obj : warning LNK4049: locally defined symbol ___glewLinkProgram imported
shaderLoader.obj : warning LNK4049: locally defined symbol ___glewShaderSource imported
glew32s.lib(glew.obj) : warning LNK4099: PDB 'vc120.pdb' was not found with 'glew32s.lib(glew.obj)' or at 'C:\Users\Albin\Documents\GitHub\Fast-Realistic-Rendering\RRMM\Debug\vc120.pdb'; linking object as if no debug info
glfw3.lib(context.obj) : warning LNK4099: PDB 'glfw.pdb' was not found with 'glfw3.lib(context.obj)' or at 'C:\Users\Albin\Documents\GitHub\Fast-Realistic-Rendering\RRMM\Debug\glfw.pdb'; linking object as if no debug info
glfw3.lib(init.obj) : warning LNK4099: PDB 'glfw.pdb' was not found with 'glfw3.lib(init.obj)' or at 'C:\Users\Albin\Documents\GitHub\Fast-Realistic-Rendering\RRMM\Debug\glfw.pdb'; linking object as if no debug info
glfw3.lib(input.obj) : warning LNK4099: PDB 'glfw.pdb' was not found with 'glfw3.lib(input.obj)' or at 'C:\Users\Albin\Documents\GitHub\Fast-Realistic-Rendering\RRMM\Debug\glfw.pdb'; linking object as if no debug info
glfw3.lib(monitor.obj) : warning LNK4099: PDB 'glfw.pdb' was not found with 'glfw3.lib(monitor.obj)' or at 'C:\Users\Albin\Documents\GitHub\Fast-Realistic-Rendering\RRMM\Debug\glfw.pdb'; linking object as if no debug info
glfw3.lib(vulkan.obj) : warning LNK4099: PDB 'glfw.pdb' was not found with 'glfw3.lib(vulkan.obj)' or at 'C:\Users\Albin\Documents\GitHub\Fast-Realistic-Rendering\RRMM\Debug\glfw.pdb'; linking object as if no debug info
glfw3.lib(window.obj) : warning LNK4099: PDB 'glfw.pdb' was not found with 'glfw3.lib(window.obj)' or at 'C:\Users\Albin\Documents\GitHub\Fast-Realistic-Rendering\RRMM\Debug\glfw.pdb'; linking object as if no debug info
glfw3.lib(win32_init.obj) : warning LNK4099: PDB 'glfw.pdb' was not found with 'glfw3.lib(win32_init.obj)' or at 'C:\Users\Albin\Documents\GitHub\Fast-Realistic-Rendering\RRMM\Debug\glfw.pdb'; linking object as if no debug info
glfw3.lib(win32_joystick.obj) : warning LNK4099: PDB 'glfw.pdb' was not found with 'glfw3.lib(win32_joystick.obj)' or at 'C:\Users\Albin\Documents\GitHub\Fast-Realistic-Rendering\RRMM\Debug\glfw.pdb'; linking object as if no debug info
glfw3.lib(win32_monitor.obj) : warning LNK4099: PDB 'glfw.pdb' was not found with 'glfw3.lib(win32_monitor.obj)' or at 'C:\Users\Albin\Documents\GitHub\Fast-Realistic-Rendering\RRMM\Debug\glfw.pdb'; linking object as if no debug info
glfw3.lib(win32_time.obj) : warning LNK4099: PDB 'glfw.pdb' was not found with 'glfw3.lib(win32_time.obj)' or at 'C:\Users\Albin\Documents\GitHub\Fast-Realistic-Rendering\RRMM\Debug\glfw.pdb'; linking object as if no debug info
glfw3.lib(win32_tls.obj) : warning LNK4099: PDB 'glfw.pdb' was not found with 'glfw3.lib(win32_tls.obj)' or at 'C:\Users\Albin\Documents\GitHub\Fast-Realistic-Rendering\RRMM\Debug\glfw.pdb'; linking object as if no debug info
glfw3.lib(win32_window.obj) : warning LNK4099: PDB 'glfw.pdb' was not found with 'glfw3.lib(win32_window.obj)' or at 'C:\Users\Albin\Documents\GitHub\Fast-Realistic-Rendering\RRMM\Debug\glfw.pdb'; linking object as if no debug info
glfw3.lib(wgl_context.obj) : warning LNK4099: PDB 'glfw.pdb' was not found with 'glfw3.lib(wgl_context.obj)' or at 'C:\Users\Albin\Documents\GitHub\Fast-Realistic-Rendering\RRMM\Debug\glfw.pdb'; linking object as if no debug info
glfw3.lib(egl_context.obj) : warning LNK4099: PDB 'glfw.pdb' was not found with 'glfw3.lib(egl_context.obj)' or at 'C:\Users\Albin\Documents\GitHub\Fast-Realistic-Rendering\RRMM\Debug\glfw.pdb'; linking object as if no debug info
  RRMM.vcxproj -> C:\Users\Albin\Documents\GitHub\Fast-Realistic-Rendering\RRMM\Debug\FRR.exe
  RRMM.vcxproj -> C:\Users\Albin\Documents\GitHub\Fast-Realistic-Rendering\RRMM\Debug\FRR.pdb (Partial PDB)
