C:\Program Files (x86)\MSBuild\Microsoft.Cpp\v4.0\V140\Microsoft.CppBuild.targets(392,5): warning MSB8028: The intermediate directory (Release\) contains files shared from another project (RRMM.vcxproj).  This can lead to incorrect clean and rebuild behavior.
  main.cpp
c:\users\albin\documents\github\fast-realistic-rendering\rrmm\rrmm\SolidSphere.cpp(31): warning C4244: 'initializing': conversion from 'double' to 'float', possible loss of data
c:\users\albin\documents\github\fast-realistic-rendering\rrmm\rrmm\SolidSphere.cpp(31): warning C4244: 'initializing': conversion from 'double' to 'const float', possible loss of data
c:\users\albin\documents\github\fast-realistic-rendering\rrmm\rrmm\SolidSphere.cpp(32): warning C4244: 'initializing': conversion from 'double' to 'float', possible loss of data
c:\users\albin\documents\github\fast-realistic-rendering\rrmm\rrmm\SolidSphere.cpp(32): warning C4244: 'initializing': conversion from 'double' to 'const float', possible loss of data
c:\users\albin\documents\github\fast-realistic-rendering\rrmm\rrmm\SolidSphere.cpp(35): warning C4305: 'initializing': truncation from 'double' to 'float'
c:\users\albin\documents\github\fast-realistic-rendering\rrmm\rrmm\SolidSphere.cpp(43): warning C4018: '<': signed/unsigned mismatch
c:\users\albin\documents\github\fast-realistic-rendering\rrmm\rrmm\SolidSphere.cpp(57): warning C4018: '<': signed/unsigned mismatch
c:\users\albin\documents\github\fast-realistic-rendering\rrmm\rrmm\SolidSphere.cpp(68): warning C4018: '<': signed/unsigned mismatch
c:\users\albin\documents\github\fast-realistic-rendering\rrmm\rrmm\SolidSphere.cpp(75): warning C4018: '<': signed/unsigned mismatch
main.cpp(235): warning C4244: 'argument': conversion from 'int' to 'GLfloat', possible loss of data
main.cpp(421): warning C4244: 'argument': conversion from 'double' to 'float', possible loss of data
LINK : warning LNK4098: defaultlib 'LIBCMT' conflicts with use of other libs; use /NODEFAULTLIB:library
LINK : warning LNK4098: defaultlib 'MSVCRTD' conflicts with use of other libs; use /NODEFAULTLIB:library
  Generating code
  3 of 790 functions ( 0.4%) were compiled, the rest were copied from previous compilation.
    0 functions were new in current compilation
    16 functions had inline decision re-evaluated but remain unchanged
  Finished generating code
shaderLoader.obj : warning LNK4049: locally defined symbol ___glewLinkProgram imported
shaderLoader.obj : warning LNK4049: locally defined symbol ___glewDeleteShader imported
shaderLoader.obj : warning LNK4049: locally defined symbol ___glewGetProgramInfoLog imported
shaderLoader.obj : warning LNK4049: locally defined symbol ___glewDetachShader imported
shaderLoader.obj : warning LNK4049: locally defined symbol ___glewShaderSource imported
shaderLoader.obj : warning LNK4049: locally defined symbol ___glewAttachShader imported
shaderLoader.obj : warning LNK4049: locally defined symbol ___glewGetProgramiv imported
shaderLoader.obj : warning LNK4049: locally defined symbol ___glewGetShaderInfoLog imported
shaderLoader.obj : warning LNK4049: locally defined symbol ___glewCreateProgram imported
shaderLoader.obj : warning LNK4049: locally defined symbol ___glewCreateShader imported
shaderLoader.obj : warning LNK4049: locally defined symbol ___glewCompileShader imported
shaderLoader.obj : warning LNK4049: locally defined symbol ___glewGetShaderiv imported
glew32s.lib(glew.obj) : warning LNK4099: PDB 'vc120.pdb' was not found with 'glew32s.lib(glew.obj)' or at 'C:\Users\Albin\Documents\GitHub\Fast-Realistic-Rendering\RRMM\Release\vc120.pdb'; linking object as if no debug info
glfw3.lib(context.obj) : warning LNK4099: PDB 'glfw.pdb' was not found with 'glfw3.lib(context.obj)' or at 'C:\Users\Albin\Documents\GitHub\Fast-Realistic-Rendering\RRMM\Release\glfw.pdb'; linking object as if no debug info
glfw3.lib(init.obj) : warning LNK4099: PDB 'glfw.pdb' was not found with 'glfw3.lib(init.obj)' or at 'C:\Users\Albin\Documents\GitHub\Fast-Realistic-Rendering\RRMM\Release\glfw.pdb'; linking object as if no debug info
glfw3.lib(input.obj) : warning LNK4099: PDB 'glfw.pdb' was not found with 'glfw3.lib(input.obj)' or at 'C:\Users\Albin\Documents\GitHub\Fast-Realistic-Rendering\RRMM\Release\glfw.pdb'; linking object as if no debug info
glfw3.lib(monitor.obj) : warning LNK4099: PDB 'glfw.pdb' was not found with 'glfw3.lib(monitor.obj)' or at 'C:\Users\Albin\Documents\GitHub\Fast-Realistic-Rendering\RRMM\Release\glfw.pdb'; linking object as if no debug info
glfw3.lib(vulkan.obj) : warning LNK4099: PDB 'glfw.pdb' was not found with 'glfw3.lib(vulkan.obj)' or at 'C:\Users\Albin\Documents\GitHub\Fast-Realistic-Rendering\RRMM\Release\glfw.pdb'; linking object as if no debug info
glfw3.lib(window.obj) : warning LNK4099: PDB 'glfw.pdb' was not found with 'glfw3.lib(window.obj)' or at 'C:\Users\Albin\Documents\GitHub\Fast-Realistic-Rendering\RRMM\Release\glfw.pdb'; linking object as if no debug info
glfw3.lib(win32_init.obj) : warning LNK4099: PDB 'glfw.pdb' was not found with 'glfw3.lib(win32_init.obj)' or at 'C:\Users\Albin\Documents\GitHub\Fast-Realistic-Rendering\RRMM\Release\glfw.pdb'; linking object as if no debug info
glfw3.lib(win32_joystick.obj) : warning LNK4099: PDB 'glfw.pdb' was not found with 'glfw3.lib(win32_joystick.obj)' or at 'C:\Users\Albin\Documents\GitHub\Fast-Realistic-Rendering\RRMM\Release\glfw.pdb'; linking object as if no debug info
glfw3.lib(win32_monitor.obj) : warning LNK4099: PDB 'glfw.pdb' was not found with 'glfw3.lib(win32_monitor.obj)' or at 'C:\Users\Albin\Documents\GitHub\Fast-Realistic-Rendering\RRMM\Release\glfw.pdb'; linking object as if no debug info
glfw3.lib(win32_time.obj) : warning LNK4099: PDB 'glfw.pdb' was not found with 'glfw3.lib(win32_time.obj)' or at 'C:\Users\Albin\Documents\GitHub\Fast-Realistic-Rendering\RRMM\Release\glfw.pdb'; linking object as if no debug info
glfw3.lib(win32_tls.obj) : warning LNK4099: PDB 'glfw.pdb' was not found with 'glfw3.lib(win32_tls.obj)' or at 'C:\Users\Albin\Documents\GitHub\Fast-Realistic-Rendering\RRMM\Release\glfw.pdb'; linking object as if no debug info
glfw3.lib(win32_window.obj) : warning LNK4099: PDB 'glfw.pdb' was not found with 'glfw3.lib(win32_window.obj)' or at 'C:\Users\Albin\Documents\GitHub\Fast-Realistic-Rendering\RRMM\Release\glfw.pdb'; linking object as if no debug info
glfw3.lib(wgl_context.obj) : warning LNK4099: PDB 'glfw.pdb' was not found with 'glfw3.lib(wgl_context.obj)' or at 'C:\Users\Albin\Documents\GitHub\Fast-Realistic-Rendering\RRMM\Release\glfw.pdb'; linking object as if no debug info
glfw3.lib(egl_context.obj) : warning LNK4099: PDB 'glfw.pdb' was not found with 'glfw3.lib(egl_context.obj)' or at 'C:\Users\Albin\Documents\GitHub\Fast-Realistic-Rendering\RRMM\Release\glfw.pdb'; linking object as if no debug info
  RRMM.vcxproj -> C:\Users\Albin\Documents\GitHub\Fast-Realistic-Rendering\RRMM\Release\FRR.exe
  RRMM.vcxproj -> C:\Users\Albin\Documents\GitHub\Fast-Realistic-Rendering\RRMM\Release\FRR.pdb (Full PDB)
